<?xml version="1.0" encoding="utf-8"?><testsuites><testsuite name="pytest" errors="0" failures="0" skipped="11" tests="2185" time="73.185" timestamp="2024-04-02T13:53:04.577702" hostname="tam-canoncial-1"><properties>
[...]
</properties><testcase classname="tests.commands.test_pack" name="test_invalid_arguments[include_all_charms_on_charm]" time="0.017" /><testcase classname="tests.commands.test_pack" name="test_invalid_arguments[include_charm_on_charm]" time="0.014" /><testcase classname="tests.commands.test_pack" name="test_invalid_arguments[output_bundle_on_charm]" time="0.013" /><testcase classname="tests.commands.test_pack" name="test_resolve_charm_type" time="0.014" /><testcase classname="tests.commands.test_pack" name="test_resolve_bundle_type" time="0.013" /><testcase classname="tests.commands.test_pack" name="test_resolve_dump_measure_if_indicated" time="0.014" /><testcase classname="tests.commands.test_pack" name="test_bundle_simple_successful_build[namespace_kwargs0-None]" time="1.041" /><testcase classname="tests.commands.test_pack" name="test_bundle_simple_successful_build[namespace_kwargs0-json]" time="0.986" /><testcase classname="tests.commands.test_pack" name="test_bundle_simple_successful_build[namespace_kwargs1-None]" time="0.988" /><testcase classname="tests.commands.test_pack" name="test_bundle_simple_successful_build[namespace_kwargs1-json]" time="1.007" /><testcase classname="tests.commands.test_pack" name="test_bundle_recursive_pack_setup[include_all_charms0]" time="0.018" /><testcase classname="tests.commands.test_pack" name="test_bundle_recursive_pack_setup[include_all_charms1]" time="0.016" /><testcase classname="tests.commands.test_pack" name="test_bundle_non_recursive_pack_setup[include_all_charms0]" time="0.059" /><testcase classname="tests.commands.test_pack" name="test_bundle_non_recursive_pack_setup[include_all_charms1]" time="0.017" /><testcase classname="tests.commands.test_pack" name="test_bundle_missing_bundle_file" time="0.012" /><testcase classname="tests.commands.test_pack" name="test_bundle_missing_other_mandatory_file" time="0.013" /><testcase classname="tests.commands.test_pack" name="test_bundle_missing_name_in_bundle" time="0.013" /><testcase classname="tests.commands.test_pack" name="test_bundle_debug_no_error" time="0.017" /><testcase classname="tests.commands.test_pack" name="test_bundle_debug_with_error" time="0.016" /><testcase classname="tests.commands.test_pack" name="test_bundle_shell" time="0.014" /><testcase classname="tests.commands.test_pack" name="test_bundle_shell_after" time="0.018" /><testcase classname="tests.commands.test_pack" name="test_bundle_parts_not_defined[type: bundle\n-name: test-charm-name-from-metadata-yaml\nsummary: test summary\ndescription: test description\n]" time="0.007" /><testcase classname="tests.commands.test_pack" name="test_bundle_parts_not_defined[name: test-charm-name-from-charmcraft-yaml\ntype: bundle\nsummary: test-summary\ndescription: test-description\n-None]" time="0.007" /><testcase classname="tests.commands.test_pack" name="test_bundle_parts_with_bundle_part[type: bundle\nparts:\n  bundle:\n    prime:\n      - my_extra_file.txt\n-name: test-charm-name-from-metadata-yaml\nsummary: test summary\ndescription: test description\n]" time="0.008" /><testcase classname="tests.commands.test_pack" name="test_bundle_parts_with_bundle_part[name: test-charm-name-from-charmcraft-yaml\ntype: bundle\nsummary: test-summary\ndescription: test-description\nparts:\n  bundle:\n    prime:\n      - my_extra_file.txt\n-None]" time="0.007" /><testcase classname="tests.commands.test_pack" name="test_bundle_parts_without_bundle_part[type: bundle\nparts:\n  foo:\n    plugin: nil\n-name: test-charm-name-from-metadata-yaml\nsummary: test summary\ndescription: test description\n]" time="0.007" /><testcase classname="tests.commands.test_pack" name="test_bundle_parts_without_bundle_part[name: test-charm-name-from-charmcraft-yaml\ntype: bundle\nsummary: test-summary\ndescription: test-description\nparts:\n  foo:\n    plugin: nil\n-None]" time="0.006" /><testcase classname="tests.commands.test_pack" name="test_bundle_parts_with_bundle_part_with_plugin[type: bundle\nparts:\n  bundle:\n    plugin: nil\n-name: test-charm-name-from-metadata-yaml\nsummary: test summary\ndescription: test description\n]" time="0.007" /><testcase classname="tests.commands.test_pack" name="test_bundle_parts_with_bundle_part_with_plugin[name: test-charm-name-from-charmcraft-yaml\ntype: bundle\nsummary: test-summary\ndescription: test-description\nparts:\n  bundle:\n    plugin: nil\n-None]" time="0.006" /><testcase classname="tests.commands.test_pack" name="test_prime_mandatory_ok" time="0.964" /><testcase classname="tests.commands.test_pack" name="test_prime_extra_ok" time="0.972" /><testcase classname="tests.commands.test_pack" name="test_prime_extra_missing" time="0.994" /><testcase classname="tests.commands.test_pack" name="test_prime_extra_long_path" time="1.001" /><testcase classname="tests.commands.test_pack" name="test_prime_extra_wildcards_ok" time="0.954" /><testcase classname="tests.commands.test_pack" name="test_prime_extra_wildcards_not_found" time="0.990" /><testcase classname="tests.commands.test_pack" name="test_prime_extra_globstar" time="1.024" /><testcase classname="tests.commands.test_pack" name="test_prime_extra_globstar_specific_files" time="1.049" /><testcase classname="tests.commands.test_pack" name="test_charm_builder_infrastructure_called" time="0.016" /><testcase classname="tests.commands.test_pack" name="test_charm_pack_output_simple[None]" time="0.014" /><testcase classname="tests.commands.test_pack" name="test_charm_pack_output_simple[json]" time="0.014" /><testcase classname="tests.commands.test_pack" name="test_charm_pack_output_multiple[None]" time="0.014" /><testcase classname="tests.commands.test_pack" name="test_charm_pack_output_multiple[json]" time="0.013" /><testcase classname="tests.commands.test_pack" name="test_charm_pack_output_managed_mode[None]" time="0.013" /><testcase classname="tests.commands.test_pack" name="test_charm_pack_output_managed_mode[json]" time="0.015" /><testcase classname="tests.commands.test_pack" name="test_validator_bases_index_invalid[None-None]" time="0.013" /><testcase classname="tests.commands.test_pack" name="test_validator_bases_index_invalid[bases_indices1-None]" time="0.013" /><testcase classname="tests.commands.test_pack" name="test_validator_bases_index_invalid[bases_indices2-None]" time="0.013" /><testcase classname="tests.commands.test_pack" name="test_validator_bases_index_invalid[bases_indices3-None]" time="0.014" /><testcase classname="tests.commands.test_pack" name="test_validator_bases_index_invalid[bases_indices4-None]" time="0.013" /><testcase classname="tests.commands.test_pack" name="test_validator_bases_index_invalid[bases_indices5--1]" time="0.013" /><testcase classname="tests.commands.test_pack" name="test_validator_bases_index_invalid[bases_indices6--1]" time="0.012" /><testcase classname="tests.commands.test_pack" name="test_validator_bases_index_invalid[bases_indices7--1]" time="0.013" /><testcase classname="tests.commands.test_pack" name="test_validator_bases_index_invalid[bases_indices8-3]" time="0.015" /><testcase classname="tests.commands.test_store_api" name="test_client_init" time="0.019" /><testcase classname="tests.commands.test_store_api" name="test_client_init_ephemeral" time="0.014" /><testcase classname="tests.commands.test_store_api" name="test_anonymous_client_init" time="0.014" /><testcase classname="tests.commands.test_store_api" name="test_relogin_on_401_regular_auth" time="0.002" /><testcase classname="tests.commands.test_store_api" name="test_relogin_on_401_alternate_auth" time="0.002" /><testcase classname="tests.commands.test_store_api" name="test_relogin_on_401_disable_auto_login" time="0.002" /><testcase classname="tests.commands.test_store_api" name="test_relogin_on_401_alternate_auth_disable_auto_login" time="0.002" /><testcase classname="tests.commands.test_store_api" name="test_non_401_raises" time="0.003" /><testcase classname="tests.commands.test_store_api" name="test_craft_store_error_raises_command_error" time="0.002" /><testcase classname="tests.commands.test_store_api" name="test_not_logged_in_warns_regular_auth" time="0.002" /><testcase classname="tests.commands.test_store_api" name="test_not_logged_in_warns_alternate_auth" time="0.002" /><testcase classname="tests.commands.test_store_api" name="test_not_logged_in_disable_auto_login" time="0.002" /><testcase classname="tests.commands.test_store_api" name="test_not_logged_in_alternate_auth_disable_auto_login" time="0.002" /><testcase classname="tests.commands.test_store_api" name="test_auth_valid_credentials" time="0.014" /><testcase classname="tests.commands.test_store_api" name="test_auth_bad_credentials" time="0.014" /><testcase classname="tests.commands.test_store_api" name="test_no_keyring" time="0.013" /><testcase classname="tests.commands.test_store_api" name="test_login" time="0.014" /><testcase classname="tests.commands.test_store_api" name="test_login_having_credentials" time="0.014" /><testcase classname="tests.commands.test_store_api" name="test_login_attenuating_ttl" time="0.014" /><testcase classname="tests.commands.test_store_api" name="test_login_attenuating_permissions" time="0.015" /><testcase classname="tests.commands.test_store_api" name="test_login_attenuating_channels" time="0.014" /><testcase classname="tests.commands.test_store_api" name="test_login_attenuating_packages" time="0.014" /><testcase classname="tests.commands.test_store_api" name="test_logout" time="0.014" /><testcase classname="tests.commands.test_store_api" name="test_whoami_simple" time="0.013" /><testcase classname="tests.commands.test_store_api" name="test_whoami_packages" time="0.013" /><testcase classname="tests.commands.test_store_api" name="test_whoami_channels" time="0.013" /><testcase classname="tests.commands.test_store_api" name="test_register_name" time="0.013" /><testcase classname="tests.commands.test_store_api" name="test_register_name_unauthorized_logs_in" time="0.015" /><testcase classname="tests.commands.test_store_api" name="test_unregister_name_success" time="0.014" /><testcase classname="tests.commands.test_store_api" name="test_unregister_name_errors[unknown_name]" time="0.014" /><testcase classname="tests.commands.test_store_api" name="test_unregister_name_errors[discharge_required]" time="0.015" /><testcase classname="tests.commands.test_store_api" name="test_unregister_name_errors[Unauthorized]" time="0.015" /><testcase classname="tests.commands.test_store_api" name="test_unregister_name_errors[exsting_revision]" time="0.014" /><testcase classname="tests.commands.test_store_api" name="test_unregister_name_errors[collaborator]" time="0.016" /><testcase classname="tests.commands.test_store_api" name="test_unregister_name_login[discharge_required]" time="0.015" /><testcase classname="tests.commands.test_store_api" name="test_unregister_name_login[Unauthorized]" time="0.014" /><testcase classname="tests.commands.test_store_api" name="test_unregister_name_login[collaborator]" time="0.014" /><testcase classname="tests.commands.test_store_api" name="test_list_registered_names_empty" time="0.013" /><testcase classname="tests.commands.test_store_api" name="test_list_registered_names_multiple" time="0.015" /><testcase classname="tests.commands.test_store_api" name="test_list_registered_names_include_collaborations" time="0.013" /><testcase classname="tests.commands.test_store_api" name="test_upload_straightforward" time="0.014" /><testcase classname="tests.commands.test_store_api" name="test_upload_polls_status_ok" time="0.216" /><testcase classname="tests.commands.test_store_api" name="test_upload_polls_status_timeout" time="0.218" /><testcase classname="tests.commands.test_store_api" name="test_upload_error" time="0.021" /><testcase classname="tests.commands.test_store_api" name="test_upload_charmbundles_endpoint" time="0.015" /><testcase classname="tests.commands.test_store_api" name="test_upload_resources_endpoint" time="0.013" /><testcase classname="tests.commands.test_store_api" name="test_upload_including_extra_parameters" time="0.014" /><testcase classname="tests.commands.test_store_api" name="test_list_revisions_ok" time="0.013" /><testcase classname="tests.commands.test_store_api" name="test_list_revisions_empty" time="0.013" /><testcase classname="tests.commands.test_store_api" name="test_list_revisions_errors" time="0.013" /><testcase classname="tests.commands.test_store_api" name="test_list_revisions_several_mixed" time="0.013" /><testcase classname="tests.commands.test_store_api" name="test_list_revisions_bases_none" time="0.013" /><testcase classname="tests.commands.test_store_api" name="test_release_simple" time="0.013" /><testcase classname="tests.commands.test_store_api" name="test_release_multiple_channels" time="0.014" /><testcase classname="tests.commands.test_store_api" name="test_release_with_resources" time="0.013" /><testcase classname="tests.commands.test_store_api" name="test_status_ok" time="0.014" /><testcase classname="tests.commands.test_store_api" name="test_status_with_resources" time="0.013" /><testcase classname="tests.commands.test_store_api" name="test_status_base_in_none" time="0.013" /><testcase classname="tests.commands.test_store_api" name="test_create_library_id" time="0.013" /><testcase classname="tests.commands.test_store_api" name="test_create_library_revision" time="0.013" /><testcase classname="tests.commands.test_store_api" name="test_get_library" time="0.013" /><testcase classname="tests.commands.test_store_api" name="test_get_tips_simple" time="0.014" /><testcase classname="tests.commands.test_store_api" name="test_get_tips_empty" time="0.014" /><testcase classname="tests.commands.test_store_api" name="test_get_tips_several" time="0.013" /><testcase classname="tests.commands.test_store_api" name="test_get_tips_query_combinations" time="0.013" /><testcase classname="tests.commands.test_store_api" name="test_list_resources_ok" time="0.013" /><testcase classname="tests.commands.test_store_api" name="test_list_resources_empty" time="0.013" /><testcase classname="tests.commands.test_store_api" name="test_list_resources_several" time="0.013" /><testcase classname="tests.commands.test_store_api" name="test_get_oci_registry_credentials" time="0.014" /><testcase classname="tests.commands.test_store_api" name="test_get_oci_image_blob" time="0.013" /><testcase classname="tests.commands.test_store_client" name="test_useragent_linux" time="0.003" /><testcase classname="tests.commands.test_store_client" name="test_useragent_windows" time="0.004" /><testcase classname="tests.commands.test_store_client" name="test_client_init" time="0.003" /><testcase classname="tests.commands.test_store_client" name="test_client_request_success_simple" time="0.003" /><testcase classname="tests.commands.test_store_client" name="test_client_request_success_without_json_parsing" time="0.003" /><testcase classname="tests.commands.test_store_client" name="test_client_request_text_error" time="0.003" /><testcase classname="tests.commands.test_store_client" name="test_client_request_json_error" time="0.003" /><testcase classname="tests.commands.test_store_client" name="test_client_hit_success_withbody" time="0.003" /><testcase classname="tests.commands.test_store_client" name="test_client_init_removes_trailing_slashes" time="0.003" /><testcase classname="tests.commands.test_store_client" name="test_client_push_simple_ok" time="0.005" /><testcase classname="tests.commands.test_store_client" name="test_client_push_configured_url_simple" time="0.004" /><testcase classname="tests.commands.test_store_client" name="test_client_push_response_unsuccessful" time="0.004" /><testcase classname="tests.commands.test_store_client" name="test_storage_push_succesful" time="0.003" /><testcase classname="tests.commands.test_store_client" name="test_alternate_auth_login_forbidden" time="0.003" /><testcase classname="tests.commands.test_store_client" name="test_alternate_auth_logout_forbidden" time="0.003" /><testcase classname="tests.commands.test_store_client" name="test_anonymous_client_init" time="0.003" /><testcase classname="tests.commands.test_store_client" name="test_anonymous_client_request_success_simple" time="0.002" /><testcase classname="tests.commands.test_store_client" name="test_anonymous_client_request_success_without_json_parsing" time="0.002" /><testcase classname="tests.commands.test_store_client" name="test_anonymous_client_request_text_error" time="0.002" /><testcase classname="tests.commands.test_store_client" name="test_anonymous_client_request_json_error" time="0.003" /><testcase classname="tests.commands.test_store_client" name="test_anonymous_client_hit_success_withbody" time="0.003" /><testcase classname="tests.commands.test_store_client" name="test_anonymous_client_init_removes_trailing_slashes" time="0.002" /><testcase classname="tests.commands.test_store_commands" name="test_login_simple" time="0.014" /><testcase classname="tests.commands.test_store_commands" name="test_login_exporting" time="0.013" /><testcase classname="tests.commands.test_store_commands" name="test_login_restrictions_without_export[charm]" time="0.013" /><testcase classname="tests.commands.test_store_commands" name="test_login_restrictions_without_export[bundle]" time="0.014" /><testcase classname="tests.commands.test_store_commands" name="test_login_restrictions_without_export[permission]" time="0.014" /><testcase classname="tests.commands.test_store_commands" name="test_login_restrictions_without_export[channel]" time="0.013" /><testcase classname="tests.commands.test_store_commands" name="test_login_restrictions_without_export[ttl]" time="0.014" /><testcase classname="tests.commands.test_store_commands" name="test_login_restricting_ttl" time="0.059" /><testcase classname="tests.commands.test_store_commands" name="test_login_restricting_channels" time="0.013" /><testcase classname="tests.commands.test_store_commands" name="test_login_restricting_permissions" time="0.013" /><testcase classname="tests.commands.test_store_commands" name="test_login_restricting_permission_invalid" time="0.013" /><testcase classname="tests.commands.test_store_commands" name="test_login_restricting_charms" time="0.013" /><testcase classname="tests.commands.test_store_commands" name="test_login_restricting_bundles" time="0.013" /><testcase classname="tests.commands.test_store_commands" name="test_login_restriction_mix" time="0.013" /><testcase classname="tests.commands.test_store_commands" name="test_logout" time="0.013" /><testcase classname="tests.commands.test_store_commands" name="test_logout_but_not_logged_in" time="0.013" /><testcase classname="tests.commands.test_store_commands" name="test_whoami[None]" time="0.014" /><testcase classname="tests.commands.test_store_commands" name="test_whoami[json]" time="0.017" /><testcase classname="tests.commands.test_store_commands" name="test_whoami_but_not_logged_in[None]" time="0.013" /><testcase classname="tests.commands.test_store_commands" name="test_whoami_but_not_logged_in[json]" time="0.015" /><testcase classname="tests.commands.test_store_commands" name="test_whoami_with_channels[None]" time="0.014" /><testcase classname="tests.commands.test_store_commands" name="test_whoami_with_channels[json]" time="0.014" /><testcase classname="tests.commands.test_store_commands" name="test_whoami_with_charms[None]" time="0.014" /><testcase classname="tests.commands.test_store_commands" name="test_whoami_with_charms[json]" time="0.014" /><testcase classname="tests.commands.test_store_commands" name="test_whoami_with_bundles[None]" time="0.014" /><testcase classname="tests.commands.test_store_commands" name="test_whoami_with_bundles[json]" time="0.015" /><testcase classname="tests.commands.test_store_commands" name="test_whoami_comprehensive" time="0.015" /><testcase classname="tests.commands.test_store_commands" name="test_register_charm_name" time="0.015" /><testcase classname="tests.commands.test_store_commands" name="test_register_bundle_name" time="0.014" /><testcase classname="tests.commands.test_store_commands" name="test_unregister_name" time="0.015" /><testcase classname="tests.commands.test_store_commands" name="test_list_registered_empty[None]" time="0.014" /><testcase classname="tests.commands.test_store_commands" name="test_list_registered_empty[json]" time="0.013" /><testcase classname="tests.commands.test_store_commands" name="test_list_registered_one_private[None]" time="0.014" /><testcase classname="tests.commands.test_store_commands" name="test_list_registered_one_private[json]" time="0.014" /><testcase classname="tests.commands.test_store_commands" name="test_list_registered_one_public[None]" time="0.014" /><testcase classname="tests.commands.test_store_commands" name="test_list_registered_one_public[json]" time="0.014" /><testcase classname="tests.commands.test_store_commands" name="test_list_registered_several[None]" time="0.014" /><testcase classname="tests.commands.test_store_commands" name="test_list_registered_several[json]" time="0.013" /><testcase classname="tests.commands.test_store_commands" name="test_list_registered_with_collaborations[None]" time="0.014" /><testcase classname="tests.commands.test_store_commands" name="test_list_registered_with_collaborations[json]" time="0.014" /><testcase classname="tests.commands.test_store_commands" name="test_get_name_bad_zip" time="0.003" /><testcase classname="tests.commands.test_store_commands" name="test_get_name_charm_ok" time="0.003" /><testcase classname="tests.commands.test_store_commands" name="test_get_name_charm_bad_metadata[=]" time="0.003" /><testcase classname="tests.commands.test_store_commands" name="test_get_name_charm_bad_metadata[foo: bar]" time="0.003" /><testcase classname="tests.commands.test_store_commands" name="test_get_name_bundle_ok" time="0.003" /><testcase classname="tests.commands.test_store_commands" name="test_get_name_bundle_bad_data[=]" time="0.003" /><testcase classname="tests.commands.test_store_commands" name="test_get_name_bundle_bad_data[foo: bar]" time="0.004" /><testcase classname="tests.commands.test_store_commands" name="test_get_name_nor_charm_nor_bundle" time="0.003" /><testcase classname="tests.commands.test_store_commands" name="test_upload_parameters_filepath_type" time="0.013" /><testcase classname="tests.commands.test_store_commands" name="test_upload_call_ok[None]" time="0.014" /><testcase classname="tests.commands.test_store_commands" name="test_upload_call_ok[json]" time="0.014" /><testcase classname="tests.commands.test_store_commands" name="test_upload_call_error[None]" time="0.014" /><testcase classname="tests.commands.test_store_commands" name="test_upload_call_error[json]" time="0.014" /><testcase classname="tests.commands.test_store_commands" name="test_upload_call_login_expired[None]" time="0.017" /><testcase classname="tests.commands.test_store_commands" name="test_upload_call_login_expired[json]" time="0.019" /><testcase classname="tests.commands.test_store_commands" name="test_upload_call_ok_including_release[None]" time="0.015" /><testcase classname="tests.commands.test_store_commands" name="test_upload_call_ok_including_release[json]" time="0.014" /><testcase classname="tests.commands.test_store_commands" name="test_upload_call_ok_including_release_multiple" time="0.015" /><testcase classname="tests.commands.test_store_commands" name="test_upload_including_release_with_resources[None]" time="0.015" /><testcase classname="tests.commands.test_store_commands" name="test_upload_including_release_with_resources[json]" time="0.016" /><testcase classname="tests.commands.test_store_commands" name="test_upload_options_resource" time="0.013" /><testcase classname="tests.commands.test_store_commands" name="test_upload_call_error_including_release" time="0.016" /><testcase classname="tests.commands.test_store_commands" name="test_upload_with_different_name_than_in_metadata" time="0.015" /><testcase classname="tests.commands.test_store_commands" name="test_revisions_simple[None]" time="0.014" /><testcase classname="tests.commands.test_store_commands" name="test_revisions_simple[json]" time="0.015" /><testcase classname="tests.commands.test_store_commands" name="test_revisions_empty[None]" time="0.014" /><testcase classname="tests.commands.test_store_commands" name="test_revisions_empty[json]" time="0.015" /><testcase classname="tests.commands.test_store_commands" name="test_revisions_ordered_by_revision[None]" time="0.014" /><testcase classname="tests.commands.test_store_commands" name="test_revisions_ordered_by_revision[json]" time="0.015" /><testcase classname="tests.commands.test_store_commands" name="test_revisions_version_null[None]" time="0.014" /><testcase classname="tests.commands.test_store_commands" name="test_revisions_version_null[json]" time="0.014" /><testcase classname="tests.commands.test_store_commands" name="test_revisions_errors_simple[None]" time="0.014" /><testcase classname="tests.commands.test_store_commands" name="test_revisions_errors_simple[json]" time="0.014" /><testcase classname="tests.commands.test_store_commands" name="test_revisions_errors_multiple[None]" time="0.014" /><testcase classname="tests.commands.test_store_commands" name="test_revisions_errors_multiple[json]" time="0.015" /><testcase classname="tests.commands.test_store_commands" name="test_release_simple_ok" time="0.015" /><testcase classname="tests.commands.test_store_commands" name="test_release_simple_multiple_channels" time="0.015" /><testcase classname="tests.commands.test_store_commands" name="test_release_including_resources" time="0.015" /><testcase classname="tests.commands.test_store_commands" name="test_release_options_resource" time="0.013" /><testcase classname="tests.commands.test_store_commands" name="test_release_parameters_ok[sysargs0-expected_parsed0]" time="0.013" /><testcase classname="tests.commands.test_store_commands" name="test_release_parameters_ok[sysargs1-expected_parsed1]" time="0.013" /><testcase classname="tests.commands.test_store_commands" name="test_release_parameters_ok[sysargs2-expected_parsed2]" time="0.014" /><testcase classname="tests.commands.test_store_commands" name="test_release_parameters_ok[sysargs3-expected_parsed3]" time="0.013" /><testcase classname="tests.commands.test_store_commands" name="test_release_parameters_ok[sysargs4-expected_parsed4]" time="0.014" /><testcase classname="tests.commands.test_store_commands" name="test_release_parameters_ok[sysargs5-expected_parsed5]" time="0.014" /><testcase classname="tests.commands.test_store_commands" name="test_release_parameters_ok[sysargs6-expected_parsed6]" time="0.014" /><testcase classname="tests.commands.test_store_commands" name="test_release_parameters_bad[sysargs0]" time="0.014" /><testcase classname="tests.commands.test_store_commands" name="test_release_parameters_bad[sysargs1]" time="0.015" /><testcase classname="tests.commands.test_store_commands" name="test_release_parameters_bad[sysargs2]" time="0.013" /><testcase classname="tests.commands.test_store_commands" name="test_release_parameters_bad[sysargs3]" time="0.013" /><testcase classname="tests.commands.test_store_commands" name="test_release_parameters_bad[sysargs4]" time="0.013" /><testcase classname="tests.commands.test_store_commands" name="test_release_parameters_bad[sysargs5]" time="0.013" /><testcase classname="tests.commands.test_store_commands" name="test_close_simple_ok" time="0.013" /><testcase classname="tests.commands.test_store_commands" name="test_status_simple_ok[None]" time="0.014" /><testcase classname="tests.commands.test_store_commands" name="test_status_simple_ok[json]" time="0.013" /><testcase classname="tests.commands.test_store_commands" name="test_status_empty[None]" time="0.014" /><testcase classname="tests.commands.test_store_commands" name="test_status_empty[json]" time="0.013" /><testcase classname="tests.commands.test_store_commands" name="test_status_channels_not_released_with_fallback[None]" time="0.014" /><testcase classname="tests.commands.test_store_commands" name="test_status_channels_not_released_with_fallback[json]" time="0.014" /><testcase classname="tests.commands.test_store_commands" name="test_status_channels_not_released_without_fallback[None]" time="0.014" /><testcase classname="tests.commands.test_store_commands" name="test_status_channels_not_released_without_fallback[json]" time="0.014" /><testcase classname="tests.commands.test_store_commands" name="test_status_multiple_tracks[None]" time="0.014" /><testcase classname="tests.commands.test_store_commands" name="test_status_multiple_tracks[json]" time="0.015" /><testcase classname="tests.commands.test_store_commands" name="test_status_tracks_order" time="0.016" /><testcase classname="tests.commands.test_store_commands" name="test_status_with_one_branch[None]" time="0.016" /><testcase classname="tests.commands.test_store_commands" name="test_status_with_one_branch[json]" time="0.015" /><testcase classname="tests.commands.test_store_commands" name="test_status_with_multiple_branches" time="0.015" /><testcase classname="tests.commands.test_store_commands" name="test_status_with_resources[None]" time="0.014" /><testcase classname="tests.commands.test_store_commands" name="test_status_with_resources[json]" time="0.016" /><testcase classname="tests.commands.test_store_commands" name="test_status_with_resources_missing_after_closed_channel" time="0.015" /><testcase classname="tests.commands.test_store_commands" name="test_status_with_resources_and_branches" time="0.014" /><testcase classname="tests.commands.test_store_commands" name="test_status_multiplebases_single_track[None]" time="0.014" /><testcase classname="tests.commands.test_store_commands" name="test_status_multiplebases_single_track[json]" time="0.014" /><testcase classname="tests.commands.test_store_commands" name="test_status_multiplebases_multiple_tracks" time="0.014" /><testcase classname="tests.commands.test_store_commands" name="test_status_multiplebases_everything_combined" time="0.015" /><testcase classname="tests.commands.test_store_commands" name="test_status_multiplebases_multiplebranches" time="0.015" /><testcase classname="tests.commands.test_store_commands" name="test_status_with_base_in_none[None]" time="0.015" /><testcase classname="tests.commands.test_store_commands" name="test_status_with_base_in_none[json]" time="0.014" /><testcase classname="tests.commands.test_store_commands" name="test_status_unreleased_track" time="0.014" /><testcase classname="tests.commands.test_store_commands" name="test_createlib_simple[None-None]" time="0.014"><skipped type="pytest.xfail" message="Store commands need refactoring to not need a project." /></testcase><testcase classname="tests.commands.test_store_commands" name="test_createlib_simple[None-json]" time="0.084"><skipped type="pytest.xfail" message="Store commands need refactoring to not need a project." /></testcase><testcase classname="tests.commands.test_store_commands" name="test_createlib_simple[test-charm-None]" time="0.018" /><testcase classname="tests.commands.test_store_commands" name="test_createlib_simple[test-charm-json]" time="0.015" /><testcase classname="tests.commands.test_store_commands" name="test_createlib_name_from_metadata_problem" time="0.013"><skipped type="pytest.xfail" message="Store commands need refactor." /></testcase><testcase classname="tests.commands.test_store_commands" name="test_createlib_name_contains_dash" time="0.016" /><testcase classname="tests.commands.test_store_commands" name="test_createlib_invalid_name[foo.bar]" time="0.014" /><testcase classname="tests.commands.test_store_commands" name="test_createlib_invalid_name[foo/bar]" time="0.014" /><testcase classname="tests.commands.test_store_commands" name="test_createlib_invalid_name[Foo]" time="0.013" /><testcase classname="tests.commands.test_store_commands" name="test_createlib_invalid_name[123foo]" time="0.012" /><testcase classname="tests.commands.test_store_commands" name="test_createlib_invalid_name[_foo]" time="0.012" /><testcase classname="tests.commands.test_store_commands" name="test_createlib_invalid_name[]" time="0.013" /><testcase classname="tests.commands.test_store_commands" name="test_createlib_path_already_there" time="0.013" /><testcase classname="tests.commands.test_store_commands" name="test_createlib_path_can_not_write" time="0.016" /><testcase classname="tests.commands.test_store_commands" name="test_createlib_library_template_is_python" time="0.004" /><testcase classname="tests.commands.test_store_commands" name="test_publishlib_simple[None]" time="0.014" /><testcase classname="tests.commands.test_store_commands" name="test_publishlib_simple[json]" time="0.014" /><testcase classname="tests.commands.test_store_commands" name="test_publishlib_contains_dash" time="0.014" /><testcase classname="tests.commands.test_store_commands" name="test_publishlib_all[None]" time="0.016" /><testcase classname="tests.commands.test_store_commands" name="test_publishlib_all[json]" time="0.017" /><testcase classname="tests.commands.test_store_commands" name="test_publishlib_not_found" time="0.014" /><testcase classname="tests.commands.test_store_commands" name="test_publishlib_not_from_current_charm" time="0.013" /><testcase classname="tests.commands.test_store_commands" name="test_publishlib_name_from_metadata_problem" time="0.013"><skipped type="pytest.xfail" message="Store commands need refactoring to not need a project." /></testcase><testcase classname="tests.commands.test_store_commands" name="test_publishlib_store_is_advanced[None]" time="0.015" /><testcase classname="tests.commands.test_store_commands" name="test_publishlib_store_is_advanced[json]" time="0.014" /><testcase classname="tests.commands.test_store_commands" name="test_publishlib_store_is_exactly_behind_ok" time="0.015" /><testcase classname="tests.commands.test_store_commands" name="test_publishlib_store_is_exactly_behind_same_hash[None]" time="0.014" /><testcase classname="tests.commands.test_store_commands" name="test_publishlib_store_is_exactly_behind_same_hash[json]" time="0.015" /><testcase classname="tests.commands.test_store_commands" name="test_publishlib_store_is_too_behind[None]" time="0.016" /><testcase classname="tests.commands.test_store_commands" name="test_publishlib_store_is_too_behind[json]" time="0.021" /><testcase classname="tests.commands.test_store_commands" name="test_publishlib_store_has_same_revision_same_hash[None]" time="0.020" /><testcase classname="tests.commands.test_store_commands" name="test_publishlib_store_has_same_revision_same_hash[json]" time="0.018" /><testcase classname="tests.commands.test_store_commands" name="test_publishlib_store_has_same_revision_other_hash[None]" time="0.015" /><testcase classname="tests.commands.test_store_commands" name="test_publishlib_store_has_same_revision_other_hash[json]" time="0.017" /><testcase classname="tests.commands.test_store_commands" name="test_fetchlib_simple_downloaded[None]" time="0.019" /><testcase classname="tests.commands.test_store_commands" name="test_fetchlib_simple_downloaded[json]" time="0.016" /><testcase classname="tests.commands.test_store_commands" name="test_fetchlib_simple_dash_in_name" time="0.014" /><testcase classname="tests.commands.test_store_commands" name="test_fetchlib_simple_dash_in_name_on_disk" time="0.015" /><testcase classname="tests.commands.test_store_commands" name="test_fetchlib_simple_updated" time="0.014" /><testcase classname="tests.commands.test_store_commands" name="test_fetchlib_all[None]" time="0.016" /><testcase classname="tests.commands.test_store_commands" name="test_fetchlib_all[json]" time="0.015" /><testcase classname="tests.commands.test_store_commands" name="test_fetchlib_store_not_found[None]" time="0.016" /><testcase classname="tests.commands.test_store_commands" name="test_fetchlib_store_not_found[json]" time="0.015" /><testcase classname="tests.commands.test_store_commands" name="test_fetchlib_store_is_old[None]" time="0.014" /><testcase classname="tests.commands.test_store_commands" name="test_fetchlib_store_is_old[json]" time="0.014" /><testcase classname="tests.commands.test_store_commands" name="test_fetchlib_store_same_versions_same_hash[None]" time="0.014" /><testcase classname="tests.commands.test_store_commands" name="test_fetchlib_store_same_versions_same_hash[json]" time="0.014" /><testcase classname="tests.commands.test_store_commands" name="test_fetchlib_store_same_versions_different_hash[None]" time="0.016" /><testcase classname="tests.commands.test_store_commands" name="test_fetchlib_store_same_versions_different_hash[json]" time="0.014" /><testcase classname="tests.commands.test_store_commands" name="test_listlib_simple[None]" time="0.014" /><testcase classname="tests.commands.test_store_commands" name="test_listlib_simple[json]" time="0.014" /><testcase classname="tests.commands.test_store_commands" name="test_listlib_charm_from_metadata" time="0.014" /><testcase classname="tests.commands.test_store_commands" name="test_listlib_name_from_metadata_problem" time="0.015" /><testcase classname="tests.commands.test_store_commands" name="test_listlib_empty[None]" time="0.015" /><testcase classname="tests.commands.test_store_commands" name="test_listlib_empty[json]" time="0.018" /><testcase classname="tests.commands.test_store_commands" name="test_listlib_properly_sorted[None]" time="0.016" /><testcase classname="tests.commands.test_store_commands" name="test_listlib_properly_sorted[json]" time="0.015" /><testcase classname="tests.commands.test_store_commands" name="test_resources_simple[None]" time="0.015" /><testcase classname="tests.commands.test_store_commands" name="test_resources_simple[json]" time="0.018" /><testcase classname="tests.commands.test_store_commands" name="test_resources_empty[None]" time="0.014" /><testcase classname="tests.commands.test_store_commands" name="test_resources_empty[json]" time="0.016" /><testcase classname="tests.commands.test_store_commands" name="test_resources_ordered_and_grouped[None]" time="0.014" /><testcase classname="tests.commands.test_store_commands" name="test_resources_ordered_and_grouped[json]" time="0.014" /><testcase classname="tests.commands.test_store_commands" name="test_uploadresource_options_filepath_type" time="0.013" /><testcase classname="tests.commands.test_store_commands" name="test_uploadresource_options_image_type" time="0.013" /><testcase classname="tests.commands.test_store_commands" name="test_uploadresource_options_good_combinations[sysargs0]" time="0.014" /><testcase classname="tests.commands.test_store_commands" name="test_uploadresource_options_good_combinations[sysargs1]" time="0.013" /><testcase classname="tests.commands.test_store_commands" name="test_uploadresource_options_bad_combinations[sysargs0]" time="0.013" /><testcase classname="tests.commands.test_store_commands" name="test_uploadresource_options_bad_combinations[sysargs1]" time="0.013" /><testcase classname="tests.commands.test_store_commands" name="test_uploadresource_filepath_call_ok[None]" time="0.014" /><testcase classname="tests.commands.test_store_commands" name="test_uploadresource_filepath_call_ok[json]" time="0.013" /><testcase classname="tests.commands.test_store_commands" name="test_uploadresource_image_digest_already_uploaded[None]" time="0.030" /><testcase classname="tests.commands.test_store_commands" name="test_uploadresource_image_digest_already_uploaded[json]" time="0.028" /><testcase classname="tests.commands.test_store_commands" name="test_uploadresource_image_digest_upload_from_local" time="0.025" /><testcase classname="tests.commands.test_store_commands" name="test_uploadresource_image_id_upload_from_local" time="0.023" /><testcase classname="tests.commands.test_store_commands" name="test_uploadresource_image_digest_missing_everywhere" time="0.023" /><testcase classname="tests.commands.test_store_commands" name="test_uploadresource_image_id_missing" time="0.018" /><testcase classname="tests.commands.test_store_commands" name="test_uploadresource_call_error[None]" time="0.014" /><testcase classname="tests.commands.test_store_commands" name="test_uploadresource_call_error[json]" time="0.013" /><testcase classname="tests.commands.test_store_registry" name="test_assert_response_ok_simple_json" time="0.002" /><testcase classname="tests.commands.test_store_registry" name="test_assert_response_ok_not_json" time="0.002" /><testcase classname="tests.commands.test_store_registry" name="test_assert_response_ok_different_status" time="0.002" /><testcase classname="tests.commands.test_store_registry" name="test_assert_response_errors_in_result" time="0.002" /><testcase classname="tests.commands.test_store_registry" name="test_assert_response_bad_status_code_with_json_errors" time="0.002" /><testcase classname="tests.commands.test_store_registry" name="test_assert_response_bad_status_code_with_extra_json_errors" time="0.002" /><testcase classname="tests.commands.test_store_registry" name="test_assert_response_bad_status_code_blind" time="0.002" /><testcase classname="tests.commands.test_store_registry" name="test_auth_simple" time="0.003" /><testcase classname="tests.commands.test_store_registry" name="test_auth_with_credentials" time="0.003" /><testcase classname="tests.commands.test_store_registry" name="test_auth_with_just_username" time="0.003" /><testcase classname="tests.commands.test_store_registry" name="test_hit_simple_initial_auth_ok" time="0.003" /><testcase classname="tests.commands.test_store_registry" name="test_hit_simple_re_auth_ok" time="0.004" /><testcase classname="tests.commands.test_store_registry" name="test_hit_simple_re_auth_problems" time="0.003" /><testcase classname="tests.commands.test_store_registry" name="test_hit_different_method" time="0.005" /><testcase classname="tests.commands.test_store_registry" name="test_hit_including_headers" time="0.005" /><testcase classname="tests.commands.test_store_registry" name="test_hit_extra_parameters" time="0.004" /><testcase classname="tests.commands.test_store_registry" name="test_hit_no_log" time="0.005" /><testcase classname="tests.commands.test_store_registry" name="test_ociregistry_is_manifest_uploaded" time="0.004" /><testcase classname="tests.commands.test_store_registry" name="test_ociregistry_is_blob_uploaded" time="0.003" /><testcase classname="tests.commands.test_store_registry" name="test_ociregistry_is_item_uploaded_simple_yes" time="0.003" /><testcase classname="tests.commands.test_store_registry" name="test_ociregistry_is_item_uploaded_simple_no" time="0.003" /><testcase classname="tests.commands.test_store_registry" name="test_ociregistry_is_item_uploaded_redirect[302]" time="0.004" /><testcase classname="tests.commands.test_store_registry" name="test_ociregistry_is_item_uploaded_redirect[307]" time="0.005" /><testcase classname="tests.commands.test_store_registry" name="test_ociregistry_is_item_uploaded_strange_response" time="0.003" /><testcase classname="tests.commands.test_store_registry" name="test_ociregistry_upload_manifest_v2" time="0.004" /><testcase classname="tests.commands.test_store_registry" name="test_ociregistry_upload_blob_complete" time="0.007" /><testcase classname="tests.commands.test_store_registry" name="test_ociregistry_upload_blob_bad_initial_response" time="0.003" /><testcase classname="tests.commands.test_store_registry" name="test_ociregistry_upload_blob_bad_upload_range" time="0.003" /><testcase classname="tests.commands.test_store_registry" name="test_ociregistry_upload_blob_resumed" time="0.005" /><testcase classname="tests.commands.test_store_registry" name="test_ociregistry_upload_blob_bad_response_middle" time="0.005" /><testcase classname="tests.commands.test_store_registry" name="test_ociregistry_upload_blob_bad_response_closing" time="0.005" /><testcase classname="tests.commands.test_store_registry" name="test_ociregistry_upload_blob_bad_final_digest" time="0.005" /><testcase classname="tests.commands.test_store_registry" name="test_localdockerinterface_get_info_by_id_ok" time="0.003" /><testcase classname="tests.commands.test_store_registry" name="test_localdockerinterface_get_info_by_id_not_found" time="0.003" /><testcase classname="tests.commands.test_store_registry" name="test_localdockerinterface_get_info_by_id_bad_response" time="0.003" /><testcase classname="tests.commands.test_store_registry" name="test_localdockerinterface_get_info_by_id_disconnected" time="0.003" /><testcase classname="tests.commands.test_store_registry" name="test_localdockerinterface_get_info_by_digest_ok" time="0.003" /><testcase classname="tests.commands.test_store_registry" name="test_localdockerinterface_get_info_by_digest_not_found" time="0.003" /><testcase classname="tests.commands.test_store_registry" name="test_localdockerinterface_get_info_by_digest_none_digest" time="0.003" /><testcase classname="tests.commands.test_store_registry" name="test_localdockerinterface_get_info_by_digest_bad_response" time="0.003" /><testcase classname="tests.commands.test_store_registry" name="test_localdockerinterface_get_info_by_digest_disconnected" time="0.003" /><testcase classname="tests.commands.test_store_registry" name="test_localdockerinterface_get_streamed_content" time="0.003" /><testcase classname="tests.commands.test_store_registry" name="test_imagehandler_check_in_registry_yes" time="0.002" /><testcase classname="tests.commands.test_store_registry" name="test_imagehandler_check_in_registry_no" time="0.002" /><testcase classname="tests.commands.test_store_registry" name="test_imagehandler_extract_file_simple" time="0.004" /><testcase classname="tests.commands.test_store_registry" name="test_imagehandler_extract_file_compressed_ok" time="0.004" /><testcase classname="tests.commands.test_store_registry" name="test_imagehandler_extract_file_compressed_deterministic" time="0.004" /><testcase classname="tests.commands.test_store_registry" name="test_imagehandler_uploadblob_first_time" time="0.003" /><testcase classname="tests.commands.test_store_registry" name="test_imagehandler_uploadblob_duplicated" time="0.003" /><testcase classname="tests.commands.test_store_registry" name="test_imagehandler_uploadfromlocal_complete" time="0.005" /><testcase classname="tests.commands.test_store_registry" name="test_imagehandler_uploadfromlocal_no_config" time="0.004" /><testcase classname="tests.commands.test_version" name="test_version_result" time="0.002" /><testcase classname="tests.commands.test_version" name="test_version_result_formatjson" time="0.002" /><testcase classname="tests.extensions.test_extensions" name="test_experimental_with_env" time="0.003" /><testcase classname="tests.extensions.test_extensions" name="test_experimental_no_env" time="0.003" /><testcase classname="tests.extensions.test_extensions" name="test_wrong_base" time="0.004" /><testcase classname="tests.extensions.test_extensions" name="test_invalid_parts" time="0.003" /><testcase classname="tests.extensions.test_extensions" name="test_apply_extensions" time="0.003" /><testcase classname="tests.extensions.test_extensions" name="test_load_charmcraft_yaml_with_extensions[type: charm\nname: test-charm-name-from-charmcraft-yaml\nsummary: test summary\ndescription: test description\nbases:\n  - name: ubuntu\n    channel: &quot;22.04&quot;\nextensions:\n  - full-extension\nparts:\n  foo:\n    plugin: nil\n    stage-packages:\n      - old-package\n]" time="0.006" /><testcase classname="tests.extensions.test_extensions" name="test_load_charmcraft_yaml_with_extensions_unsupported_base[type: charm\nname: test-charm-name-from-charmcraft-yaml\nsummary: test summary\ndescription: test description\nbases:\n  - name: ubuntu\n    channel: &quot;20.04&quot;\n  - name: ubuntu\n    channel: &quot;22.04&quot;\nextensions:\n  - full-extension\nparts:\n  foo:\n    plugin: nil\n    stage-packages:\n      - old-package\n]" time="0.006" /><testcase classname="tests.extensions.test_gunicorn" name="test_flask_extension" time="0.003" /><testcase classname="tests.extensions.test_gunicorn" name="test_flask_protected_fields[type]" time="0.003" /><testcase classname="tests.extensions.test_gunicorn" name="test_flask_protected_fields[containers]" time="0.003" /><testcase classname="tests.extensions.test_gunicorn" name="test_flask_protected_fields[peers]" time="0.003" /><testcase classname="tests.extensions.test_gunicorn" name="test_flask_protected_fields[resources]" time="0.003" /><testcase classname="tests.extensions.test_gunicorn" name="test_flask_merge_options" time="0.003" /><testcase classname="tests.extensions.test_gunicorn" name="test_flask_merge_action" time="0.003" /><testcase classname="tests.extensions.test_gunicorn" name="test_flask_merge_relation" time="0.003" /><testcase classname="tests.extensions.test_gunicorn" name="test_flask_incompatible_fields[devices]" time="0.003" /><testcase classname="tests.extensions.test_gunicorn" name="test_flask_incompatible_fields[extra-bindings]" time="0.003" /><testcase classname="tests.extensions.test_gunicorn" name="test_flask_incompatible_fields[storage]" time="0.003" /><testcase classname="tests.extensions.test_gunicorn" name="test_flask_incompatible_fields[duplicate-options]" time="0.003" /><testcase classname="tests.extensions.test_gunicorn" name="test_flask_incompatible_fields[duplicate-requires]" time="0.003" /><testcase classname="tests.extensions.test_gunicorn" name="test_flask_incompatible_fields[duplicate-provides]" time="0.003" /><testcase classname="tests.extensions.test_gunicorn" name="test_flask_incompatible_fields[reserved-config-prefix-webserver]" time="0.003" /><testcase classname="tests.extensions.test_gunicorn" name="test_flask_incompatible_fields[reserved-config-prefix-flask]" time="0.003" /><testcase classname="tests.extensions.test_gunicorn" name="test_handle_charm_part" time="0.003" /><testcase classname="tests.extensions.test_registry" name="test_get_extension_names" time="0.002" /><testcase classname="tests.extensions.test_registry" name="test_get_extension_class" time="0.002" /><testcase classname="tests.extensions.test_registry" name="test_get_extension_class_error" time="0.002" /><testcase classname="tests.extensions.test_registry" name="test_get_extensions" time="0.002" /><testcase classname="tests.extensions.test_registry" name="test_register" time="0.002" /><testcase classname="tests.extensions.test_registry" name="test_unregister" time="0.002" /><testcase classname="tests.integration.commands.test_analyse" name="test_options_format_possible_values" time="0.004" /><testcase classname="tests.integration.commands.test_analyse" name="test_expanded_charm_permissions[511]" time="0.107" /><testcase classname="tests.integration.commands.test_analyse" name="test_expanded_charm_permissions[488]" time="0.015" /><testcase classname="tests.integration.commands.test_analyse" name="test_expanded_charm_permissions[292]" time="0.014" /><testcase classname="tests.integration.commands.test_analyse" name="test_corrupt_charm" time="0.010" /><testcase classname="tests.integration.commands.test_analyse" name="test_integration_linters" time="0.014" /><testcase classname="tests.integration.commands.test_analyse" name="test_complete_set_of_results[None]" time="0.014" /><testcase classname="tests.integration.commands.test_analyse" name="test_complete_set_of_results[json]" time="0.015" /><testcase classname="tests.integration.commands.test_analyse" name="test_only_attributes" time="0.012" /><testcase classname="tests.integration.commands.test_analyse" name="test_only_warnings" time="0.012" /><testcase classname="tests.integration.commands.test_analyse" name="test_only_errors" time="0.013" /><testcase classname="tests.integration.commands.test_analyse" name="test_both_errors_and_warnings" time="0.013" /><testcase classname="tests.integration.commands.test_analyse" name="test_only_lint_ok" time="0.013" /><testcase classname="tests.integration.commands.test_analyse" name="test_only_fatal" time="0.013" /><testcase classname="tests.integration.commands.test_expand_extensions" name="test_expand_extensions_simple[\nname: test-charm-name\ntype: charm\nsummary: test-summary\ndescription: test-description\nextensions: [test-extension]\nbase: ubuntu@22.04\nplatforms:\n  amd64:\n-name: test-charm-name\nsummary: test-summary\ndescription: test-description\nbase: ubuntu@22.04\nplatforms:\n  amd64: null\nparts: {}\ntype: charm\nterms:\n- https://example.com/test\n]" time="0.011" /><testcase classname="tests.integration.commands.test_extensions" name="test_list_extensions[None-Extension name    Supported bases    Experimental bases\n----------------  -----------------  --------------------\nf1                ubuntu@22.04       ubuntu@24.04\nf2                                   almalinux@9]" time="0.003" /><testcase classname="tests.integration.commands.test_extensions" name="test_list_extensions[json-[\n    {\n        &quot;name&quot;: &quot;f1&quot;,\n        &quot;bases&quot;: [\n            &quot;ubuntu@22.04&quot;\n        ],\n        &quot;experimental_bases&quot;: [\n            &quot;ubuntu@24.04&quot;\n        ]\n    },\n    {\n        &quot;name&quot;: &quot;f2&quot;,\n        &quot;bases&quot;: [],\n        &quot;experimental_bases&quot;: [\n            &quot;almalinux@9&quot;\n        ]\n    }\n]]" time="0.003" /><testcase classname="tests.integration.commands.test_init" name="test_files_created_correct[ascii-author-my-charm-simple]" time="0.026" /><testcase classname="tests.integration.commands.test_init" name="test_files_created_correct[ascii-author-my-charm-machine]" time="0.014" /><testcase classname="tests.integration.commands.test_init" name="test_files_created_correct[ascii-author-my-charm-kubernetes]" time="0.015" /><testcase classname="tests.integration.commands.test_init" name="test_files_created_correct[ascii-author-charm123-simple]" time="0.016" /><testcase classname="tests.integration.commands.test_init" name="test_files_created_correct[ascii-author-charm123-machine]" time="0.012" /><testcase classname="tests.integration.commands.test_init" name="test_files_created_correct[ascii-author-charm123-kubernetes]" time="0.013" /><testcase classname="tests.integration.commands.test_init" name="test_files_created_correct[non-ascii-author-my-charm-simple]" time="0.014" /><testcase classname="tests.integration.commands.test_init" name="test_files_created_correct[non-ascii-author-my-charm-machine]" time="0.012" /><testcase classname="tests.integration.commands.test_init" name="test_files_created_correct[non-ascii-author-my-charm-kubernetes]" time="0.013" /><testcase classname="tests.integration.commands.test_init" name="test_files_created_correct[non-ascii-author-charm123-simple]" time="0.014" /><testcase classname="tests.integration.commands.test_init" name="test_files_created_correct[non-ascii-author-charm123-machine]" time="0.013" /><testcase classname="tests.integration.commands.test_init" name="test_files_created_correct[non-ascii-author-charm123-kubernetes]" time="0.013" /><testcase classname="tests.integration.commands.test_init" name="test_force" time="0.013" /><testcase classname="tests.integration.commands.test_init" name="test_bad_name[None]" time="0.003" /><testcase classname="tests.integration.commands.test_init" name="test_bad_name[0]" time="0.003" /><testcase classname="tests.integration.commands.test_init" name="test_bad_name[1234]" time="0.003" /><testcase classname="tests.integration.commands.test_init" name="test_bad_name[yolo swag]" time="0.003" /><testcase classname="tests.integration.commands.test_init" name="test_bad_name[camelCase]" time="0.003" /><testcase classname="tests.integration.commands.test_init" name="test_gecos_valid_author[ascii-author]" time="0.014" /><testcase classname="tests.integration.commands.test_init" name="test_gecos_valid_author[non-ascii-author]" time="0.013" /><testcase classname="tests.integration.commands.test_init" name="test_gecos_user_not_found[user-doesnt-exist]" time="0.003" /><testcase classname="tests.integration.commands.test_init" name="test_gecos_user_has_no_name" time="0.003" /><testcase classname="tests.integration.commands.test_init" name="test_create_directory[expected_files0-somedir]" time="0.014" /><testcase classname="tests.integration.commands.test_init" name="test_create_directory[expected_files0-some/dir]" time="0.015" /><testcase classname="tests.integration.commands.test_init" name="test_create_directory[expected_files0-a/really/deep/path/with_parents/all/created]" time="0.016" /><testcase classname="tests.integration.commands.test_init" name="test_create_directory[expected_files0-/tmp/test_charm_dir-absolute_directory_path]" time="0.016" /><testcase classname="tests.integration.commands.test_init" name="test_executable_set" time="0.014" /><testcase classname="tests.integration.commands.test_init" name="test_tox_success[simple]" time="1.828" /><testcase classname="tests.integration.commands.test_init" name="test_tox_success[kubernetes]" time="1.693" /><testcase classname="tests.integration.commands.test_init" name="test_tox_success[machine]" time="1.716" /><testcase classname="tests.integration.commands.test_init" name="test_tox_success[flask-framework]" time="0.009"><skipped type="pytest.skip" message="init template doesn't contain tox.ini file">/home/tameyer/code/charmcraft/tests/integration/commands/test_init.py:255: init template doesn't contain tox.ini file</skipped></testcase><testcase classname="tests.integration.commands.test_init" name="test_pep257[simple]" time="0.021" /><testcase classname="tests.integration.commands.test_init" name="test_pep257[kubernetes]" time="0.015" /><testcase classname="tests.integration.commands.test_init" name="test_pep257[machine]" time="0.014" /><testcase classname="tests.integration.commands.test_init" name="test_pep257[flask-framework]" time="0.008" /><testcase classname="tests.integration.commands.test_pack" name="test_build_basic_bundle[{}-bundle.zip]" time="1.008" /><testcase classname="tests.integration.commands.test_pack" name="test_build_basic_bundle[name: my-bundle-my-bundle.zip]" time="1.022" /><testcase classname="tests.integration.commands.test_pack" name="test_build_basic_charm[bases-charm]" time="0.001"><skipped type="pytest.skip" message="Bases charm only tested on jammy.">/home/tameyer/code/charmcraft/tests/integration/commands/test_pack.py:55: Bases charm only tested on jammy.</skipped></testcase><testcase classname="tests.integration.commands.test_pack" name="test_build_basic_charm[platforms-jammy-charm]" time="0.000"><skipped type="pytest.skip" message="Jammy charms only tested on jammy">/home/tameyer/code/charmcraft/tests/integration/commands/test_pack.py:55: Jammy charms only tested on jammy</skipped></testcase><testcase classname="tests.integration.commands.test_pack" name="test_build_basic_charm[platforms-jammy-basic]" time="0.000"><skipped type="pytest.skip" message="Jammy charms only tested on jammy">/home/tameyer/code/charmcraft/tests/integration/commands/test_pack.py:55: Jammy charms only tested on jammy</skipped></testcase><testcase classname="tests.integration.commands.test_pack" name="test_build_basic_charm[platforms-noble]" time="0.000"><skipped type="pytest.skip" message="Noble charm needs noble">/home/tameyer/code/charmcraft/tests/integration/commands/test_pack.py:55: Noble charm needs noble</skipped></testcase><testcase classname="tests.integration.commands.test_resource_revisions" name="test_resourcerevisions_simple[None]" time="0.006" /><testcase classname="tests.integration.commands.test_resource_revisions" name="test_resourcerevisions_simple[json]" time="0.004" /><testcase classname="tests.integration.commands.test_resource_revisions" name="test_resourcerevisions_empty[None]" time="0.004" /><testcase classname="tests.integration.commands.test_resource_revisions" name="test_resourcerevisions_empty[json]" time="0.004" /><testcase classname="tests.integration.commands.test_resource_revisions" name="test_resourcerevisions_ordered_by_revision[None]" time="0.004" /><testcase classname="tests.integration.commands.test_resource_revisions" name="test_resourcerevisions_ordered_by_revision[json]" time="0.005" /><testcase classname="tests.integration.commands.test_set_resource_architectures" name="test_set_resource_architectures[args0-list_response0-No revisions updated.]" time="0.005" /><testcase classname="tests.integration.commands.test_set_resource_architectures" name="test_set_resource_architectures[args1-list_response1-[]]" time="0.004" /><testcase classname="tests.integration.commands.test_set_resource_architectures" name="test_set_resource_architectures[args2-list_response2-  Revision  Updated At    Architectures\n----------  ------------  ---------------\n         1  --            amd64,arm64]" time="0.005" /><testcase classname="tests.integration.commands.test_set_resource_architectures" name="test_set_resource_architectures[args3-list_response3-[\n    {\n        &quot;revision&quot;: 1,\n        &quot;updated_at&quot;: null,\n        &quot;architectures&quot;: [\n            &quot;amd64&quot;,\n            &quot;arm64&quot;\n        ]\n    }\n]]" time="0.004" /><testcase classname="tests.integration.services.test_lifecycle" name="test_init_lifecycle" time="0.025" /><testcase classname="tests.integration.services.test_package" name="test_write_metadata[basic]" time="0.089" /><testcase classname="tests.integration.services.test_package" name="test_write_metadata[complex-self-contained]" time="0.077" /><testcase classname="tests.integration.services.test_package" name="test_write_metadata[complex-legacy]" time="0.063" /><testcase classname="tests.integration.test_application" name="test_load_charm[charm_dir0]" time="0.023" /><testcase classname="tests.integration.test_application" name="test_load_charm[charm_dir1]" time="0.024" /><testcase classname="tests.integration.test_application" name="test_load_charm[charm_dir2]" time="0.015" /><testcase classname="tests.integration.test_application" name="test_load_charm[charm_dir3]" time="0.013" /><testcase classname="tests.integration.test_application" name="test_load_charm[charm_dir4]" time="0.020" /><testcase classname="tests.integration.test_application" name="test_load_charm[charm_dir5]" time="0.020" /><testcase classname="tests.test_actions" name="test_create_actions_yaml" time="0.016" /><testcase classname="tests.test_actions" name="test_create_actions_yaml_none" time="0.004" /><testcase classname="tests.test_bases" name="test_get_host_as_base" time="0.003" /><testcase classname="tests.test_bases" name="test_check_if_bases_matches_host_matches" time="0.004" /><testcase classname="tests.test_bases" name="test_check_if_bases_matches_host_name_mismatch" time="0.003" /><testcase classname="tests.test_bases" name="test_check_if_bases_matches_host_channel_mismatch" time="0.003" /><testcase classname="tests.test_bases" name="test_check_if_bases_matches_host_arch_mismatch" time="0.003" /><testcase classname="tests.test_charm_builder" name="test_build_generics_simple_files" time="0.004" /><testcase classname="tests.test_charm_builder" name="test_build_generics_simple_dir" time="0.003" /><testcase classname="tests.test_charm_builder" name="test_build_generics_ignored_file" time="0.004" /><testcase classname="tests.test_charm_builder" name="test_build_generics_ignored_dir" time="0.004" /><testcase classname="tests.test_charm_builder" name="test_build_generics_tree" time="0.005" /><testcase classname="tests.test_charm_builder" name="test_build_generics_tree_vagrant" time="0.005" /><testcase classname="tests.test_charm_builder" name="test_build_generics_tree_xdev" time="0.005" /><testcase classname="tests.test_charm_builder" name="test_build_generics_symlink_file" time="0.003" /><testcase classname="tests.test_charm_builder" name="test_build_generics_symlink_dir" time="0.004" /><testcase classname="tests.test_charm_builder" name="test_build_generics_symlink_deep" time="0.004" /><testcase classname="tests.test_charm_builder" name="test_build_generics_symlink_file_outside" time="0.004" /><testcase classname="tests.test_charm_builder" name="test_build_generics_symlink_directory_outside" time="0.004" /><testcase classname="tests.test_charm_builder" name="test_build_generics_different_filetype" time="0.004" /><testcase classname="tests.test_charm_builder" name="test_build_dispatcher_modern_dispatch_created" time="0.003" /><testcase classname="tests.test_charm_builder" name="test_build_dispatcher_modern_dispatch_respected" time="0.003" /><testcase classname="tests.test_charm_builder" name="test_build_dispatcher_classic_hooks_mandatory_created" time="0.003" /><testcase classname="tests.test_charm_builder" name="test_build_dispatcher_classic_hooks_mandatory_respected" time="0.003" /><testcase classname="tests.test_charm_builder" name="test_build_dispatcher_classic_hooks_linking_charm_replaced" time="0.004" /><testcase classname="tests.test_charm_builder" name="test_build_dependencies_virtualenv_simple" time="0.213" /><testcase classname="tests.test_charm_builder" name="test_build_dependencies_virtualenv_multiple" time="0.193" /><testcase classname="tests.test_charm_builder" name="test_build_dependencies_virtualenv_none" time="0.005" /><testcase classname="tests.test_charm_builder" name="test_build_dependencies_virtualenv_packages" time="0.192" /><testcase classname="tests.test_charm_builder" name="test_build_dependencies_virtualenv_binary_packages" time="0.192" /><testcase classname="tests.test_charm_builder" name="test_build_dependencies_virtualenv_all" time="0.200" /><testcase classname="tests.test_charm_builder" name="test_build_dependencies_no_reused_missing_venv" time="0.406" /><testcase classname="tests.test_charm_builder" name="test_build_dependencies_no_reused_missing_hash_file" time="0.396" /><testcase classname="tests.test_charm_builder" name="test_build_dependencies_no_reused_problematic_hash_file" time="0.396" /><testcase classname="tests.test_charm_builder" name="test_build_dependencies_no_reused_different_dependencies[ops==2-None-None-None]" time="0.373" /><testcase classname="tests.test_charm_builder" name="test_build_dependencies_no_reused_different_dependencies[None-new_pypackages1-None-None]" time="0.409" /><testcase classname="tests.test_charm_builder" name="test_build_dependencies_no_reused_different_dependencies[None-None-new_pybinaries2-None]" time="0.380" /><testcase classname="tests.test_charm_builder" name="test_build_dependencies_no_reused_different_dependencies[None-None-None-new_charmlibdeps3]" time="0.415" /><testcase classname="tests.test_charm_builder" name="test_build_dependencies_reused" time="0.410" /><testcase classname="tests.test_charm_builder" name="test_builder_without_jujuignore" time="0.005" /><testcase classname="tests.test_charm_builder" name="test_builder_with_jujuignore" time="0.004" /><testcase classname="tests.test_charm_builder" name="test_builder_arguments_defaults" time="0.005" /><testcase classname="tests.test_charm_builder" name="test_builder_arguments_full" time="0.005" /><testcase classname="tests.test_charm_builder" name="test_processrun_base" time="0.004" /><testcase classname="tests.test_charm_builder" name="test_processrun_stdout_logged" time="0.004" /><testcase classname="tests.test_charm_builder" name="test_processrun_stderr_logged" time="0.097" /><testcase classname="tests.test_charm_builder" name="test_processrun_failed" time="0.095" /><testcase classname="tests.test_charm_builder" name="test_processrun_crashed" time="0.004" /><testcase classname="tests.test_charm_builder" name="test_find_venv_bin[win32-/basedir/Scripts/cmd.exe]" time="0.002" /><testcase classname="tests.test_charm_builder" name="test_find_venv_bin[linux-/basedir/bin/cmd]" time="0.002" /><testcase classname="tests.test_charm_builder" name="test_find_venv_bin[darwin-/basedir/bin/cmd]" time="0.002" /><testcase classname="tests.test_charm_builder" name="test_find_venv_site_packages[win32-/basedir/PythonXY/site-packages]" time="0.002" /><testcase classname="tests.test_charm_builder" name="test_find_venv_site_packages[linux-/basedir/lib/pythonX.Y/site-packages]" time="0.004" /><testcase classname="tests.test_charm_builder" name="test_find_venv_site_packages[darwin-/basedir/lib/pythonX.Y/site-packages]" time="0.003" /><testcase classname="tests.test_config" name="test_load_current_directory[type: charm\n-name: test-charm-name-from-metadata-yaml\nsummary: test summary\ndescription: test description\n]" time="0.006" /><testcase classname="tests.test_config" name="test_load_current_directory[type: charm\nname: test-charm-name-from-charmcraft-yaml\nsummary: test summary\ndescription: test description\n-None]" time="0.007" /><testcase classname="tests.test_config" name="test_load_managed_mode_directory" time="0.004" /><testcase classname="tests.test_config" name="test_load_specific_directory_ok[type: charm\n-name: test-charm-name-from-metadata-yaml\nsummary: test summary\ndescription: test description\n]" time="0.005" /><testcase classname="tests.test_config" name="test_load_specific_directory_ok[type: charm\nname: test-charm-name-from-charmcraft-yaml\nsummary: test summary\ndescription: test description\n-None]" time="0.005" /><testcase classname="tests.test_config" name="test_load_optional_charmcraft_missing" time="0.005" /><testcase classname="tests.test_config" name="test_load_optional_charmcraft_bad_directory" time="0.003" /><testcase classname="tests.test_config" name="test_load_specific_directory_resolved[type: charm\n-name: test-charm-name-from-metadata-yaml\nsummary: test summary\ndescription: test description\n]" time="0.005" /><testcase classname="tests.test_config" name="test_load_specific_directory_resolved[type: charm\nname: test-charm-name-from-charmcraft-yaml\nsummary: test summary\ndescription: test description\n-None]" time="0.005" /><testcase classname="tests.test_config" name="test_load_specific_directory_expanded[type: charm\n-name: test-charm-name-from-metadata-yaml\nsummary: test summary\ndescription: test description\n]" time="0.005" /><testcase classname="tests.test_config" name="test_load_specific_directory_expanded[type: charm\nname: test-charm-name-from-charmcraft-yaml\nsummary: test summary\ndescription: test description\n-None]" time="0.005" /><testcase classname="tests.test_config" name="test_load_metadata_keys_exists_both" time="0.004" /><testcase classname="tests.test_config" name="test_schema_top_level_no_extra_properties[type: charm\nwhatever: new-stuff\n-name: test-charm-name-from-metadata-yaml\nsummary: test summary\ndescription: test description\n]" time="0.005" /><testcase classname="tests.test_config" name="test_schema_top_level_no_extra_properties[type: charm\nwhatever: new-stuff\nname: test-charm-name-from-charmcraft-yaml\nsummary: test summary\ndescription: test description\n-None]" time="0.006" /><testcase classname="tests.test_config" name="test_schema_type_missing[charmhub:\n  api-url: https://www.canonical.com\nbases:\n  - build-on:\n      - name: test-build-name\n        channel: test-build-channel\n    run-on:\n      - name: test-build-name\n        channel: test-build-channel\n-name: test-charm-name-from-metadata-yaml\nsummary: test summary\ndescription: test description\n]" time="0.006" /><testcase classname="tests.test_config" name="test_schema_type_missing[name: test-charm-name-from-charmcraft-yaml\nsummary: test summary\ndescription: test description\ncharmhub:\n  api-url: https://www.canonical.com\nbases:\n  - build-on:\n      - name: test-build-name\n        channel: test-build-channel\n    run-on:\n      - name: test-build-name\n        channel: test-build-channel\n-None]" time="0.007" /><testcase classname="tests.test_config" name="test_schema_type_bad_type[type: 33\n-name: test-charm-name-from-metadata-yaml\nsummary: test summary\ndescription: test description\n]" time="0.005" /><testcase classname="tests.test_config" name="test_schema_type_bad_type[type: 33\nname: test-charm-name-from-charmcraft-yaml\nsummary: test summary\ndescription: test description\n-None]" time="0.007" /><testcase classname="tests.test_config" name="test_schema_type_limited_values[type: whatever\n-name: test-charm-name-from-metadata-yaml\nsummary: test summary\ndescription: test description\n]" time="0.004" /><testcase classname="tests.test_config" name="test_schema_type_limited_values[type: whatever\nname: test-charm-name-from-charmcraft-yaml\nsummary: test summary\ndescription: test description\n-None]" time="0.005" /><testcase classname="tests.test_config" name="test_schema_charmhub_api_url_bad_type[type: charm\ncharmhub:\n  api-url: 33\n-name: test-charm-name-from-metadata-yaml\nsummary: test summary\ndescription: test description\n]" time="0.005" /><testcase classname="tests.test_config" name="test_schema_charmhub_api_url_bad_type[type: charm\nname: test-charm-name-from-charmcraft-yaml\nsummary: test summary\ndescription: test description\ncharmhub:\n  api-url: 33\n-None]" time="0.005" /><testcase classname="tests.test_config" name="test_schema_charmhub_api_url_bad_format[type: charm\ncharmhub:\n  api-url: stuff.com\n-name: test-charm-name-from-metadata-yaml\nsummary: test summary\ndescription: test description\n]" time="0.005" /><testcase classname="tests.test_config" name="test_schema_charmhub_api_url_bad_format[type: charm\nname: test-charm-name-from-charmcraft-yaml\nsummary: test summary\ndescription: test description\ncharmhub:\n  api-url: stuff.com\n-None]" time="0.005" /><testcase classname="tests.test_config" name="test_schema_charmhub_storage_url_bad_type[type: charm\ncharmhub:\n  storage-url: 33\n-name: test-charm-name-from-metadata-yaml\nsummary: test summary\ndescription: test description\n]" time="0.005" /><testcase classname="tests.test_config" name="test_schema_charmhub_storage_url_bad_type[type: charm\nname: test-charm-name-from-charmcraft-yaml\nsummary: test summary\ndescription: test description\ncharmhub:\n  storage-url: 33\n-None]" time="0.006" /><testcase classname="tests.test_config" name="test_schema_charmhub_storage_url_bad_format[type: charm\ncharmhub:\n  storage-url: stuff.com\n-name: test-charm-name-from-metadata-yaml\nsummary: test summary\ndescription: test description\n]" time="0.005" /><testcase classname="tests.test_config" name="test_schema_charmhub_storage_url_bad_format[type: charm\nname: test-charm-name-from-charmcraft-yaml\nsummary: test summary\ndescription: test description\ncharmhub:\n  storage-url: stuff.com\n-None]" time="0.005" /><testcase classname="tests.test_config" name="test_schema_charmhub_registry_url_bad_type[type: charm\ncharmhub:\n  registry-url: 33\n-name: test-charm-name-from-metadata-yaml\nsummary: test summary\ndescription: test description\n]" time="0.005" /><testcase classname="tests.test_config" name="test_schema_charmhub_registry_url_bad_type[type: charm\nname: test-charm-name-from-charmcraft-yaml\nsummary: test summary\ndescription: test description\ncharmhub:\n  registry-url: 33\n-None]" time="0.005" /><testcase classname="tests.test_config" name="test_schema_charmhub_registry_url_bad_format[type: charm\ncharmhub:\n  registry-url: stuff.com\n-name: test-charm-name-from-metadata-yaml\nsummary: test summary\ndescription: test description\n]" time="0.005" /><testcase classname="tests.test_config" name="test_schema_charmhub_registry_url_bad_format[type: charm\nname: test-charm-name-from-charmcraft-yaml\nsummary: test summary\ndescription: test description\ncharmhub:\n  registry-url: stuff.com\n-None]" time="0.005" /><testcase classname="tests.test_config" name="test_schema_charmhub_no_extra_properties[type: charm\ncharmhub:\n  storage-url: https://some.server.com\n  crazy: false\n-name: test-charm-name-from-metadata-yaml\nsummary: test summary\ndescription: test description\n]" time="0.005" /><testcase classname="tests.test_config" name="test_schema_charmhub_no_extra_properties[type: charm\nname: test-charm-name-from-charmcraft-yaml\nsummary: test summary\ndescription: test description\ncharmhub:\n  storage-url: https://some.server.com\n  crazy: false\n-None]" time="0.005" /><testcase classname="tests.test_config" name="test_schema_basicprime_bad_init_structure[type: bundle\nparts: ['foo', 'bar']\n-name: test-charm-name-from-metadata-yaml\nsummary: test summary\ndescription: test description\n]" time="0.005" /><testcase classname="tests.test_config" name="test_schema_basicprime_bad_init_structure[type: bundle\nname: test-charm-name-from-charmcraft-yaml\nsummary: test summary\ndescription: test description\nparts: ['foo', 'bar']\n-None]" time="0.005" /><testcase classname="tests.test_config" name="test_schema_basicprime_bad_bundle_structure[type: bundle\nparts:\n  charm: ['foo', 'bar']\n-name: test-charm-name-from-metadata-yaml\nsummary: test summary\ndescription: test description\n]" time="0.005" /><testcase classname="tests.test_config" name="test_schema_basicprime_bad_bundle_structure[type: bundle\nname: test-charm-name-from-charmcraft-yaml\nsummary: test summary\ndescription: test description\nparts:\n  charm: ['foo', 'bar']\n-None]" time="0.005" /><testcase classname="tests.test_config" name="test_schema_basicprime_bad_prime_structure[type: bundle\nparts:\n  charm:\n    prime: foo\n-name: test-charm-name-from-metadata-yaml\nsummary: test summary\ndescription: test description\n]" time="0.005" /><testcase classname="tests.test_config" name="test_schema_basicprime_bad_prime_structure[type: bundle\nname: test-charm-name-from-charmcraft-yaml\nsummary: test summary\ndescription: test description\nparts:\n  charm:\n    prime: foo\n-None]" time="0.007" /><testcase classname="tests.test_config" name="test_schema_basicprime_bad_prime_type[type: bundle\nparts:\n  charm:\n    prime: [{}, 'foo']\n-name: test-charm-name-from-metadata-yaml\nsummary: test summary\ndescription: test description\n]" time="0.006" /><testcase classname="tests.test_config" name="test_schema_basicprime_bad_prime_type[type: bundle\nname: test-charm-name-from-charmcraft-yaml\nsummary: test summary\ndescription: test description\nparts:\n  charm:\n    prime: [{}, 'foo']\n-None]" time="0.005" /><testcase classname="tests.test_config" name="test_schema_basicprime_bad_prime_type_empty[type: bundle\nparts:\n  charm:\n    prime: ['', 'foo']\n-name: test-charm-name-from-metadata-yaml\nsummary: test summary\ndescription: test description\n]" time="0.005" /><testcase classname="tests.test_config" name="test_schema_basicprime_bad_prime_type_empty[type: bundle\nname: test-charm-name-from-charmcraft-yaml\nsummary: test summary\ndescription: test description\n\nparts:\n  charm:\n    prime: ['', 'foo']\n-None]" time="0.005" /><testcase classname="tests.test_config" name="test_schema_basicprime_bad_content_format[type: bundle\nname: test-charm-name-from-metadata-yaml\nsummary: test summary\ndescription: test description\nparts:\n  charm:\n    prime: ['/bar/foo', 'foo']\n-None]" time="0.005" /><testcase classname="tests.test_config" name="test_schema_additional_part[type: bundle\nparts:\n  other-part: 1\n  charm:\n    prime: ['/bar/foo', 'foo']\n-name: test-charm-name-from-metadata-yaml\nsummary: test summary\ndescription: test description\n]" time="0.005" /><testcase classname="tests.test_config" name="test_schema_additional_part[type: bundle\nname: test-charm-name-from-charmcraft-yaml\nsummary: test summary\ndescription: test description\nparts:\n  other-part: 1\n  charm:\n    prime: ['/bar/foo', 'foo']\n-None]" time="0.005" /><testcase classname="tests.test_config" name="test_schema_other_charm_part_no_source[type: charm\nbases:  # mandatory\n  - build-on:\n      - name: test-build-name\n        channel:
[...]
estcase classname="tests.unit.utils.test_package" name="test_get_package_names[version-matching]" time="0.002" /><testcase classname="tests.unit.utils.test_package" name="test_get_package_names[inclusive-ordered-gt]" time="0.002" /><testcase classname="tests.unit.utils.test_package" name="test_get_package_names[inclusive-ordered-lt]" time="0.002" /><testcase classname="tests.unit.utils.test_package" name="test_get_package_names[compatible-release]" time="0.003" /><testcase classname="tests.unit.utils.test_package" name="test_get_package_names[arbitrary-equality]" time="0.002" /><testcase classname="tests.unit.utils.test_package" name="test_get_package_names[compound-specifier]" time="0.002" /><testcase classname="tests.unit.utils.test_package" name="test_exclude_packages[empty]" time="0.003" /><testcase classname="tests.unit.utils.test_package" name="test_exclude_packages[make-empty]" time="0.002" /><testcase classname="tests.unit.utils.test_package" name="test_exclude_packages[remove-one]" time="0.002" /><testcase classname="tests.unit.utils.test_package" name="test_exclude_packages[irrelevant-exclusion]" time="0.002" /><testcase classname="tests.unit.utils.test_package" name="test_get_requirements_file_package_names[empty]" time="0.004" /><testcase classname="tests.unit.utils.test_package" name="test_get_requirements_file_package_names[versions_stripped]" time="0.004" /><testcase classname="tests.unit.utils.test_package" name="test_get_requirements_file_package_names[versions_not_checked]" time="0.004" /><testcase classname="tests.unit.utils.test_package" name="test_get_pip_command[prefix0-requirements0-source_deps0-binary_deps0---no-binary=abc-expected_other_packages0]" time="0.003" /><testcase classname="tests.unit.utils.test_package" name="test_get_pip_command[prefix0-requirements1-source_deps1-binary_deps1---no-binary=abc,ghi-expected_other_packages1]" time="0.003" /><testcase classname="tests.unit.utils.test_package" name="test_get_pip_command[prefix1-requirements0-source_deps0-binary_deps0---no-binary=abc-expected_other_packages0]" time="0.003" /><testcase classname="tests.unit.utils.test_package" name="test_get_pip_command[prefix1-requirements1-source_deps1-binary_deps1---no-binary=abc,ghi-expected_other_packages1]" time="0.003" /><testcase classname="tests.unit.utils.test_package" name="test_get_pip_command[prefix2-requirements0-source_deps0-binary_deps0---no-binary=abc-expected_other_packages0]" time="0.003" /><testcase classname="tests.unit.utils.test_package" name="test_get_pip_command[prefix2-requirements1-source_deps1-binary_deps1---no-binary=abc,ghi-expected_other_packages1]" time="0.003" /><testcase classname="tests.unit.utils.test_package" name="test_get_pip_version_success[pip-pip 22.0.2 from /usr/lib/python3/dist-packages/pip (python 3.10)\n-expected0]" time="0.003" /><testcase classname="tests.unit.utils.test_package" name="test_get_pip_version_parsing_failure[pip-pip?-Unknown pip version]" time="0.003" /><testcase classname="tests.unit.utils.test_package" name="test_get_pip_version_parsing_failure[pip-pip 1.0.0-dev0-yolo-Unknown pip version 1.0.0-dev0-yolo]" time="0.003" /><testcase classname="tests.unit.utils.test_package" name="test_validate_strict_dependencies_success[dependencies0-other_packages0]" time="0.003" /><testcase classname="tests.unit.utils.test_package" name="test_validate_strict_dependencies_success[dependencies1-other_packages1]" time="0.002" /><testcase classname="tests.unit.utils.test_package" name="test_validate_strict_dependencies_success[dependencies2-other_packages2]" time="0.002" /><testcase classname="tests.unit.utils.test_package" name="test_validate_strict_dependencies_missing[dependencies0-other_packages0-extra_packages0]" time="0.003" /><testcase classname="tests.unit.utils.test_package" name="test_validate_strict_dependencies_missing[dependencies1-other_packages1-extra_packages1]" time="0.003" /><testcase classname="tests.unit.utils.test_package" name="test_validate_strict_dependencies_missing[dependencies2-other_packages2-extra_packages2]" time="0.003" /><testcase classname="tests.unit.utils.test_platform" name="test_get_os_platform_linux[x86_64-ubuntu-focal]" time="0.014" /><testcase classname="tests.unit.utils.test_platform" name="test_get_os_platform_linux[x86_64-ubuntu-core-20]" time="0.014" /><testcase classname="tests.unit.utils.test_platform" name="test_get_os_platform_linux[x86_64-kde-neon-like-ubuntu]" time="0.014" /><testcase classname="tests.unit.utils.test_platform" name="test_get_os_platform_linux[riscv64-ubuntu-focal]" time="0.013" /><testcase classname="tests.unit.utils.test_platform" name="test_get_os_platform_linux[riscv64-ubuntu-core-20]" time="0.014" /><testcase classname="tests.unit.utils.test_platform" name="test_get_os_platform_linux[riscv64-kde-neon-like-ubuntu]" time="0.013" /><testcase classname="tests.unit.utils.test_platform" name="test_get_os_platform_linux[arm64-ubuntu-focal]" time="0.014" /><testcase classname="tests.unit.utils.test_platform" name="test_get_os_platform_linux[arm64-ubuntu-core-20]" time="0.013" /><testcase classname="tests.unit.utils.test_platform" name="test_get_os_platform_linux[arm64-kde-neon-like-ubuntu]" time="0.013" /><testcase classname="tests.unit.utils.test_platform" name="test_get_os_platform_non_linux[AMD64-NT-Windows]" time="0.004" /><testcase classname="tests.unit.utils.test_platform" name="test_get_os_platform_non_linux[AMD64-NT-Darwin]" time="0.003" /><testcase classname="tests.unit.utils.test_platform" name="test_get_os_platform_non_linux[AMD64-NT-Java]" time="0.003" /><testcase classname="tests.unit.utils.test_platform" name="test_get_os_platform_non_linux[AMD64-NT-]" time="0.003" /><testcase classname="tests.unit.utils.test_platform" name="test_get_os_platform_non_linux[AMD64-Sparkling-Windows]" time="0.003" /><testcase classname="tests.unit.utils.test_platform" name="test_get_os_platform_non_linux[AMD64-Sparkling-Darwin]" time="0.005" /><testcase classname="tests.unit.utils.test_platform" name="test_get_os_platform_non_linux[AMD64-Sparkling-Java]" time="0.004" /><testcase classname="tests.unit.utils.test_platform" name="test_get_os_platform_non_linux[AMD64-Sparkling-]" time="0.003" /><testcase classname="tests.unit.utils.test_platform" name="test_get_os_platform_non_linux[AMD64-Jaguar-Windows]" time="0.003" /><testcase classname="tests.unit.utils.test_platform" name="test_get_os_platform_non_linux[AMD64-Jaguar-Darwin]" time="0.003" /><testcase classname="tests.unit.utils.test_platform" name="test_get_os_platform_non_linux[AMD64-Jaguar-Java]" time="0.004" /><testcase classname="tests.unit.utils.test_platform" name="test_get_os_platform_non_linux[AMD64-Jaguar-]" time="0.003" /><testcase classname="tests.unit.utils.test_platform" name="test_get_os_platform_non_linux[AMD64-0.0-Windows]" time="0.003" /><testcase classname="tests.unit.utils.test_platform" name="test_get_os_platform_non_linux[AMD64-0.0-Darwin]" time="0.003" /><testcase classname="tests.unit.utils.test_platform" name="test_get_os_platform_non_linux[AMD64-0.0-Java]" time="0.003" /><testcase classname="tests.unit.utils.test_platform" name="test_get_os_platform_non_linux[AMD64-0.0-]" time="0.003" /><testcase classname="tests.unit.utils.test_platform" name="test_get_os_platform_non_linux[AMD64--Windows]" time="0.003" /><testcase classname="tests.unit.utils.test_platform" name="test_get_os_platform_non_linux[AMD64--Darwin]" time="0.004" /><testcase classname="tests.unit.utils.test_platform" name="test_get_os_platform_non_linux[AMD64--Java]" time="0.003" /><testcase classname="tests.unit.utils.test_platform" name="test_get_os_platform_non_linux[AMD64--]" time="0.003" /><testcase classname="tests.unit.utils.test_platform" name="test_get_os_platform_non_linux[x86_86-NT-Windows]" time="0.003" /><testcase classname="tests.unit.utils.test_platform" name="test_get_os_platform_non_linux[x86_86-NT-Darwin]" time="0.003" /><testcase classname="tests.unit.utils.test_platform" name="test_get_os_platform_non_linux[x86_86-NT-Java]" time="0.003" /><testcase classname="tests.unit.utils.test_platform" name="test_get_os_platform_non_linux[x86_86-NT-]" time="0.003" /><testcase classname="tests.unit.utils.test_platform" name="test_get_os_platform_non_linux[x86_86-Sparkling-Windows]" time="0.003" /><testcase classname="tests.unit.utils.test_platform" name="test_get_os_platform_non_linux[x86_86-Sparkling-Darwin]" time="0.003" /><testcase classname="tests.unit.utils.test_platform" name="test_get_os_platform_non_linux[x86_86-Sparkling-Java]" time="0.004" /><testcase classname="tests.unit.utils.test_platform" name="test_get_os_platform_non_linux[x86_86-Sparkling-]" time="0.003" /><testcase classname="tests.unit.utils.test_platform" name="test_get_os_platform_non_linux[x86_86-Jaguar-Windows]" time="0.003" /><testcase classname="tests.unit.utils.test_platform" name="test_get_os_platform_non_linux[x86_86-Jaguar-Darwin]" time="0.004" /><testcase classname="tests.unit.utils.test_platform" name="test_get_os_platform_non_linux[x86_86-Jaguar-Java]" time="0.004" /><testcase classname="tests.unit.utils.test_platform" name="test_get_os_platform_non_linux[x86_86-Jaguar-]" time="0.004" /><testcase classname="tests.unit.utils.test_platform" name="test_get_os_platform_non_linux[x86_86-0.0-Windows]" time="0.004" /><testcase classname="tests.unit.utils.test_platform" name="test_get_os_platform_non_linux[x86_86-0.0-Darwin]" time="0.004" /><testcase classname="tests.unit.utils.test_platform" name="test_get_os_platform_non_linux[x86_86-0.0-Java]" time="0.004" /><testcase classname="tests.unit.utils.test_platform" name="test_get_os_platform_non_linux[x86_86-0.0-]" time="0.004" /><testcase classname="tests.unit.utils.test_platform" name="test_get_os_platform_non_linux[x86_86--Windows]" time="0.004" /><testcase classname="tests.unit.utils.test_platform" name="test_get_os_platform_non_linux[x86_86--Darwin]" time="0.003" /><testcase classname="tests.unit.utils.test_platform" name="test_get_os_platform_non_linux[x86_86--Java]" time="0.003" /><testcase classname="tests.unit.utils.test_platform" name="test_get_os_platform_non_linux[x86_86--]" time="0.004" /><testcase classname="tests.unit.utils.test_platform" name="test_get_os_platform_non_linux[arm64-NT-Windows]" time="0.004" /><testcase classname="tests.unit.utils.test_platform" name="test_get_os_platform_non_linux[arm64-NT-Darwin]" time="0.004" /><testcase classname="tests.unit.utils.test_platform" name="test_get_os_platform_non_linux[arm64-NT-Java]" time="0.003" /><testcase classname="tests.unit.utils.test_platform" name="test_get_os_platform_non_linux[arm64-NT-]" time="0.004" /><testcase classname="tests.unit.utils.test_platform" name="test_get_os_platform_non_linux[arm64-Sparkling-Windows]" time="0.003" /><testcase classname="tests.unit.utils.test_platform" name="test_get_os_platform_non_linux[arm64-Sparkling-Darwin]" time="0.004" /><testcase classname="tests.unit.utils.test_platform" name="test_get_os_platform_non_linux[arm64-Sparkling-Java]" time="0.005" /><testcase classname="tests.unit.utils.test_platform" name="test_get_os_platform_non_linux[arm64-Sparkling-]" time="0.003" /><testcase classname="tests.unit.utils.test_platform" name="test_get_os_platform_non_linux[arm64-Jaguar-Windows]" time="0.003" /><testcase classname="tests.unit.utils.test_platform" name="test_get_os_platform_non_linux[arm64-Jaguar-Darwin]" time="0.003" /><testcase classname="tests.unit.utils.test_platform" name="test_get_os_platform_non_linux[arm64-Jaguar-Java]" time="0.003" /><testcase classname="tests.unit.utils.test_platform" name="test_get_os_platform_non_linux[arm64-Jaguar-]" time="0.003" /><testcase classname="tests.unit.utils.test_platform" name="test_get_os_platform_non_linux[arm64-0.0-Windows]" time="0.003" /><testcase classname="tests.unit.utils.test_platform" name="test_get_os_platform_non_linux[arm64-0.0-Darwin]" time="0.004" /><testcase classname="tests.unit.utils.test_platform" name="test_get_os_platform_non_linux[arm64-0.0-Java]" time="0.003" /><testcase classname="tests.unit.utils.test_platform" name="test_get_os_platform_non_linux[arm64-0.0-]" time="0.003" /><testcase classname="tests.unit.utils.test_platform" name="test_get_os_platform_non_linux[arm64--Windows]" time="0.003" /><testcase classname="tests.unit.utils.test_platform" name="test_get_os_platform_non_linux[arm64--Darwin]" time="0.003" /><testcase classname="tests.unit.utils.test_platform" name="test_get_os_platform_non_linux[arm64--Java]" time="0.003" /><testcase classname="tests.unit.utils.test_platform" name="test_get_os_platform_non_linux[arm64--]" time="0.004" /><testcase classname="tests.unit.utils.test_platform" name="test_get_os_platform_non_linux[riscv64-NT-Windows]" time="0.004" /><testcase classname="tests.unit.utils.test_platform" name="test_get_os_platform_non_linux[riscv64-NT-Darwin]" time="0.003" /><testcase classname="tests.unit.utils.test_platform" name="test_get_os_platform_non_linux[riscv64-NT-Java]" time="0.003" /><testcase classname="tests.unit.utils.test_platform" name="test_get_os_platform_non_linux[riscv64-NT-]" time="0.003" /><testcase classname="tests.unit.utils.test_platform" name="test_get_os_platform_non_linux[riscv64-Sparkling-Windows]" time="0.003" /><testcase classname="tests.unit.utils.test_platform" name="test_get_os_platform_non_linux[riscv64-Sparkling-Darwin]" time="0.004" /><testcase classname="tests.unit.utils.test_platform" name="test_get_os_platform_non_linux[riscv64-Sparkling-Java]" time="0.003" /><testcase classname="tests.unit.utils.test_platform" name="test_get_os_platform_non_linux[riscv64-Sparkling-]" time="0.003" /><testcase classname="tests.unit.utils.test_platform" name="test_get_os_platform_non_linux[riscv64-Jaguar-Windows]" time="0.003" /><testcase classname="tests.unit.utils.test_platform" name="test_get_os_platform_non_linux[riscv64-Jaguar-Darwin]" time="0.003" /><testcase classname="tests.unit.utils.test_platform" name="test_get_os_platform_non_linux[riscv64-Jaguar-Java]" time="0.003" /><testcase classname="tests.unit.utils.test_platform" name="test_get_os_platform_non_linux[riscv64-Jaguar-]" time="0.003" /><testcase classname="tests.unit.utils.test_platform" name="test_get_os_platform_non_linux[riscv64-0.0-Windows]" time="0.003" /><testcase classname="tests.unit.utils.test_platform" name="test_get_os_platform_non_linux[riscv64-0.0-Darwin]" time="0.003" /><testcase classname="tests.unit.utils.test_platform" name="test_get_os_platform_non_linux[riscv64-0.0-Java]" time="0.003" /><testcase classname="tests.unit.utils.test_platform" name="test_get_os_platform_non_linux[riscv64-0.0-]" time="0.003" /><testcase classname="tests.unit.utils.test_platform" name="test_get_os_platform_non_linux[riscv64--Windows]" time="0.003" /><testcase classname="tests.unit.utils.test_platform" name="test_get_os_platform_non_linux[riscv64--Darwin]" time="0.004" /><testcase classname="tests.unit.utils.test_platform" name="test_get_os_platform_non_linux[riscv64--Java]" time="0.003" /><testcase classname="tests.unit.utils.test_platform" name="test_get_os_platform_non_linux[riscv64--]" time="0.003" /><testcase classname="tests.unit.utils.test_platform" name="test_get_host_architecture[AMD64-amd64]" time="0.003" /><testcase classname="tests.unit.utils.test_platform" name="test_get_host_architecture[aarch64-arm64]" time="0.003" /><testcase classname="tests.unit.utils.test_platform" name="test_get_host_architecture[armv7l-armhf]" time="0.003" /><testcase classname="tests.unit.utils.test_platform" name="test_get_host_architecture[ppc-powerpc]" time="0.003" /><testcase classname="tests.unit.utils.test_platform" name="test_get_host_architecture[ppc64le-ppc64el]" time="0.003" /><testcase classname="tests.unit.utils.test_platform" name="test_get_host_architecture[x86_64-amd64]" time="0.003" /><testcase classname="tests.unit.utils.test_platform" name="test_get_host_architecture[unknown-arch-unknown-arch]" time="0.003" /><testcase classname="tests.unit.utils.test_platform" name="test_validate_architectures_valid_values" time="0.209" /><testcase classname="tests.unit.utils.test_platform" name="test_validate_architectures_all_success" time="0.235" /><testcase classname="tests.unit.utils.test_platform" name="test_validate_architectures_error[Valid architecture values are: 'amd64', 'arm64', 'armhf', 'ppc64el', 'riscv64', and 's390x'-architectures0-Invalid architecture(s): brutalist]" time="0.003" /><testcase classname="tests.unit.utils.test_platform" name="test_validate_architectures_all_error" time="0.003" /><testcase classname="tests.unit.utils.test_project" name="test_find_charm_sources_empty_directory" time="0.004" /><testcase classname="tests.unit.utils.test_project" name="test_find_charm_sources_finds_values[fake_charms0]" time="0.010" /><testcase classname="tests.unit.utils.test_project" name="test_find_charm_sources_with_symlinks[fake_charms0]" time="0.007" /><testcase classname="tests.unit.utils.test_project" name="test_find_charm_sources_extra_charms[fake_charms0]" time="0.010" /><testcase classname="tests.unit.utils.test_project" name="test_find_charm_sources_non_matching_path[fake_charms0]" time="0.010" /><testcase classname="tests.unit.utils.test_project" name="test_find_charm_sources_duplicates" time="0.007" /><testcase classname="tests.unit.utils.test_project" name="test_get_charm_name_from_path_success[test1-test1]" time="0.005" /><testcase classname="tests.unit.utils.test_project" name="test_get_charm_name_from_path_success[test1-charms/test1]" time="0.005" /><testcase classname="tests.unit.utils.test_project" name="test_get_charm_name_from_path_success[test1-operators/test1]" time="0.005" /><testcase classname="tests.unit.utils.test_project" name="test_get_charm_name_from_path_bundle[test1-test1]" time="0.005" /><testcase classname="tests.unit.utils.test_project" name="test_get_charm_name_from_path_bundle[test1-charms/test1]" time="0.004" /><testcase classname="tests.unit.utils.test_project" name="test_get_charm_name_from_path_bundle[test1-operators/test1]" time="0.005" /><testcase classname="tests.unit.utils.test_project" name="test_get_charm_name_from_path_missing_file[test1-test1-charmcraft.yaml]" time="0.004" /><testcase classname="tests.unit.utils.test_project" name="test_get_charm_name_from_path_missing_file[test1-charms/test1-metadata.yaml]" time="0.005" /><testcase classname="tests.unit.utils.test_project" name="test_get_charm_name_from_path_missing_file[test1-operators/test1-charmcraft.yaml]" time="0.004" /><testcase classname="tests.unit.utils.test_project" name="test_get_charm_name_from_path_wrong_name[test1-test1]" time="0.005" /><testcase classname="tests.unit.utils.test_project" name="test_get_charm_name_from_path_wrong_name[test1-charms/test1]" time="0.005" /><testcase classname="tests.unit.utils.test_project" name="test_get_charm_name_from_path_wrong_name[test1-operators/test1]" time="0.005" /><testcase classname="tests.unit.utils.test_store" name="test_get_packages" time="1.370" /><testcase classname="tests.unit.utils.test_yaml" name="test_load_yaml_success" time="0.005" /><testcase classname="tests.unit.utils.test_yaml" name="test_load_yaml_no_file" time="0.004" /><testcase classname="tests.unit.utils.test_yaml" name="test_load_yaml_directory" time="0.004" /><testcase classname="tests.unit.utils.test_yaml" name="test_load_yaml_corrupted_format" time="0.004" /><testcase classname="tests.unit.utils.test_yaml" name="test_load_yaml_file_problem" time="0.005" /><testcase classname="tests.unit.utils.test_yaml" name="test_dump_yaml[None-null\n...\n]" time="0.003" /><testcase classname="tests.unit.utils.test_yaml" name="test_dump_yaml[1-1\n...\n]" time="0.003" /><testcase classname="tests.unit.utils.test_yaml" name="test_dump_yaml[Stringy!-Stringy!\n...\n]" time="0.003" /><testcase classname="tests.unit.utils.test_yaml" name="test_dump_yaml[data3-thing: |\n  multi\n  line\n  string\nsingle: single line string\n]" time="0.221" /></testsuite></testsuites>